Arguments: 
  /Users/ga/.nvm/versions/node/v10.9.0/bin/node /Users/ga/.yarn/bin/yarn.js add --dev tslint tslint:recommended

PATH: 
  /Users/ga/.yarn/bin:/Users/ga/.nvm/versions/node/v10.9.0/bin:/usr/local/bin:/usr/bin:/bin:/usr/sbin:/sbin:/usr/local/go/bin:/opt/X11/bin

Yarn version: 
  1.9.4

Node version: 
  10.9.0

Platform: 
  darwin x64

Trace: 
  Error: tslint:recommended: Invalid protocol: tslint:
      at Request.module.exports.Request.init (/Users/ga/.yarn/lib/cli.js:137737:31)
      at new Request (/Users/ga/.yarn/lib/cli.js:137410:8)
      at request (/Users/ga/.yarn/lib/cli.js:126685:10)
      at RequestManager.execute (/Users/ga/.yarn/lib/cli.js:64254:15)
      at RequestManager.shiftQueue (/Users/ga/.yarn/lib/cli.js:64281:10)
      at /Users/ga/.yarn/lib/cli.js:64032:13
      at new Promise (<anonymous>)
      at new F (/Users/ga/.yarn/lib/cli.js:23624:28)
      at RequestManager.request (/Users/ga/.yarn/lib/cli.js:64030:19)
      at NpmRegistry.request (/Users/ga/.yarn/lib/cli.js:33715:32)

npm manifest: 
  {
    "name": "mage",
    "version": "1.0.0",
    "description": "",
    "main": "",
    "scripts": {
      "start": "rollup --config ./test/rollup.config.js -w"
    },
    "author": "",
    "license": "UNLICENSED",
    "devDependencies": {
      "events-light": "^1.0.5",
      "prettier": "^1.5.3",
      "typescript": "^3.1.1"
    }
  }

yarn manifest: 
  No manifest

Lockfile: 
  # THIS IS AN AUTOGENERATED FILE. DO NOT EDIT THIS FILE DIRECTLY.
  # yarn lockfile v1
  
  
  assertion-error@^1.0.1:
    version "1.0.2"
    resolved "https://registry.yarnpkg.com/assertion-error/-/assertion-error-1.0.2.tgz#13ca515d86206da0bac66e834dd397d87581094c"
  
  chai@^3.5.0:
    version "3.5.0"
    resolved "https://registry.yarnpkg.com/chai/-/chai-3.5.0.tgz#4d02637b067fe958bdbfdd3a40ec56fef7373247"
    dependencies:
      assertion-error "^1.0.1"
      deep-eql "^0.1.3"
      type-detect "^1.0.0"
  
  deep-eql@^0.1.3:
    version "0.1.3"
    resolved "https://registry.yarnpkg.com/deep-eql/-/deep-eql-0.1.3.tgz#ef558acab8de25206cd713906d74e56930eb69f2"
    dependencies:
      type-detect "0.1.1"
  
  events-light@^1.0.5:
    version "1.0.5"
    resolved "https://registry.yarnpkg.com/events-light/-/events-light-1.0.5.tgz#964e63450ba0af4a6b022aa955b17ffef657b5ee"
    dependencies:
      chai "^3.5.0"
  
  prettier@^1.5.3:
    version "1.5.3"
    resolved "https://registry.yarnpkg.com/prettier/-/prettier-1.5.3.tgz#59dadc683345ec6b88f88b94ed4ae7e1da394bfe"
  
  type-detect@0.1.1:
    version "0.1.1"
    resolved "https://registry.yarnpkg.com/type-detect/-/type-detect-0.1.1.tgz#0ba5ec2a885640e470ea4e8505971900dac58822"
  
  type-detect@^1.0.0:
    version "1.0.0"
    resolved "https://registry.yarnpkg.com/type-detect/-/type-detect-1.0.0.tgz#762217cc06db258ec48908a1298e8b95121e8ea2"
  
  typescript@^3.1.1:
    version "3.1.1"
    resolved "https://registry.yarnpkg.com/typescript/-/typescript-3.1.1.tgz#3362ba9dd1e482ebb2355b02dfe8bcd19a2c7c96"
